<?xml version="1.0" encoding="UTF-8"?>
<testng-results ignored="0" total="2" passed="2" failed="0" skipped="0">
  <reporter-output>
  </reporter-output>
  <suite started-at="2024-07-13T21:17:37 IST" name="Default suite" finished-at="2024-07-13T21:17:46 IST" duration-ms="9193">
    <groups>
    </groups>
    <test started-at="2024-07-13T21:17:37 IST" name="Default test" finished-at="2024-07-13T21:17:46 IST" duration-ms="9193">
      <class name="POMTests.LoginTest">
        <test-method is-config="true" signature="Setup()[pri:0, instance:POMTests.LoginTest@79e2c065]" started-at="2024-07-13T21:17:37 IST" name="Setup" finished-at="2024-07-13T21:17:44 IST" duration-ms="6790" status="PASS">
          <reporter-output>
          </reporter-output>
        </test-method> <!-- Setup -->
        <test-method signature="Header()[pri:1, instance:POMTests.LoginTest@79e2c065]" started-at="2024-07-13T21:17:44 IST" name="Header" finished-at="2024-07-13T21:17:44 IST" duration-ms="53" status="PASS">
          <reporter-output>
          </reporter-output>
        </test-method> <!-- Header -->
        <test-method signature="Login()[pri:2, instance:POMTests.LoginTest@79e2c065]" started-at="2024-07-13T21:17:44 IST" name="Login" finished-at="2024-07-13T21:17:46 IST" duration-ms="2064" status="PASS">
          <reporter-output>
          </reporter-output>
        </test-method> <!-- Login -->
        <test-method is-config="true" signature="CloseApp()[pri:0, instance:POMTests.LoginTest@79e2c065]" started-at="2024-07-13T21:17:46 IST" name="CloseApp" finished-at="2024-07-13T21:17:46 IST" duration-ms="252" status="PASS">
          <reporter-output>
          </reporter-output>
        </test-method> <!-- CloseApp -->
      </class> <!-- POMTests.LoginTest -->
    </test> <!-- Default test -->
  </suite> <!-- Default suite -->
</testng-results>
